GAS LISTING /tmp/ccvIbvYz.s 			page 1


   1              		.file	"fstat.c"
   2              		.option nopic
   3              		.attribute arch, "rv32i2p0_m2p0_a2p0_c2p0"
   4              		.attribute unaligned_access, 0
   5              		.attribute stack_align, 16
   6              		.text
   7              	.Ltext0:
   8              		.cfi_sections	.debug_frame
   9              		.section	.text._fstat,"ax",@progbits
  10              		.align	1
  11              		.globl	_fstat
  13              	_fstat:
  14              	.LFB1:
  15              		.file 1 "../../firmware/RISCV/stubs/fstat.c"
   1:../../firmware/RISCV/stubs/fstat.c **** /* See LICENSE of license details. */
   2:../../firmware/RISCV/stubs/fstat.c **** 
   3:../../firmware/RISCV/stubs/fstat.c **** #include <errno.h>
   4:../../firmware/RISCV/stubs/fstat.c **** #include <unistd.h>
   5:../../firmware/RISCV/stubs/fstat.c **** #include <sys/stat.h>
   6:../../firmware/RISCV/stubs/fstat.c **** #include "stub.h"
   7:../../firmware/RISCV/stubs/fstat.c **** 
   8:../../firmware/RISCV/stubs/fstat.c **** int _fstat(int fd, struct stat* st)
   9:../../firmware/RISCV/stubs/fstat.c **** {
  16              		.loc 1 9 1
  17              		.cfi_startproc
  18              	.LVL0:
  10:../../firmware/RISCV/stubs/fstat.c ****   if (isatty(fd)) {
  19              		.loc 1 10 3
   9:../../firmware/RISCV/stubs/fstat.c ****   if (isatty(fd)) {
  20              		.loc 1 9 1 is_stmt 0
  21 0000 4111     		addi	sp,sp,-16
  22              	.LCFI0:
  23              		.cfi_def_cfa_offset 16
  24 0002 22C4     		sw	s0,8(sp)
  25 0004 06C6     		sw	ra,12(sp)
  26              		.cfi_offset 8, -8
  27              		.cfi_offset 1, -4
   9:../../firmware/RISCV/stubs/fstat.c ****   if (isatty(fd)) {
  28              		.loc 1 9 1
  29 0006 2E84     		mv	s0,a1
  30              		.loc 1 10 7
  31 0008 97000000 		call	isatty
  31      E7800000 
  32              	.LVL1:
  33              		.loc 1 10 6
  34 0010 01C9     		beq	a0,zero,.L3
  11:../../firmware/RISCV/stubs/fstat.c ****     st->st_mode = S_IFCHR;
  35              		.loc 1 11 5 is_stmt 1
  36              		.loc 1 11 17 is_stmt 0
  37 0012 8967     		li	a5,8192
  38 0014 5CC0     		sw	a5,4(s0)
  12:../../firmware/RISCV/stubs/fstat.c ****     return 0;
  39              		.loc 1 12 5 is_stmt 1
  40              		.loc 1 12 12 is_stmt 0
  41 0016 0145     		li	a0,0
  42              	.L1:
  13:../../firmware/RISCV/stubs/fstat.c ****   }
GAS LISTING /tmp/ccvIbvYz.s 			page 2


  14:../../firmware/RISCV/stubs/fstat.c **** 
  15:../../firmware/RISCV/stubs/fstat.c ****   return _stub(EBADF);
  16:../../firmware/RISCV/stubs/fstat.c **** }
  43              		.loc 1 16 1
  44 0018 B240     		lw	ra,12(sp)
  45              		.cfi_remember_state
  46              		.cfi_restore 1
  47 001a 2244     		lw	s0,8(sp)
  48              		.cfi_restore 8
  49              	.LVL2:
  50 001c 4101     		addi	sp,sp,16
  51              	.LCFI1:
  52              		.cfi_def_cfa_offset 0
  53 001e 8280     		jr	ra
  54              	.LVL3:
  55              	.L3:
  56              	.LCFI2:
  57              		.cfi_restore_state
  15:../../firmware/RISCV/stubs/fstat.c **** }
  58              		.loc 1 15 10
  59 0020 7D55     		li	a0,-1
  60 0022 DDBF     		j	.L1
  61              		.cfi_endproc
  62              	.LFE1:
  64              		.text
  65              	.Letext0:
  66              		.file 2 "/home/jobe/tidab3/IoT/projekt/Ik1332-project2-group3/compiler/lib/gcc/riscv64-unknown-elf
  67              		.file 3 "/home/jobe/tidab3/IoT/projekt/Ik1332-project2-group3/compiler/riscv64-unknown-elf/include
  68              		.file 4 "/home/jobe/tidab3/IoT/projekt/Ik1332-project2-group3/compiler/riscv64-unknown-elf/include
  69              		.file 5 "/home/jobe/tidab3/IoT/projekt/Ik1332-project2-group3/compiler/riscv64-unknown-elf/include
  70              		.file 6 "/home/jobe/tidab3/IoT/projekt/Ik1332-project2-group3/compiler/riscv64-unknown-elf/include
  71              		.file 7 "/home/jobe/tidab3/IoT/projekt/Ik1332-project2-group3/compiler/riscv64-unknown-elf/include
  72              		.file 8 "/home/jobe/tidab3/IoT/projekt/Ik1332-project2-group3/compiler/riscv64-unknown-elf/include
  73              		.file 9 "/home/jobe/tidab3/IoT/projekt/Ik1332-project2-group3/compiler/riscv64-unknown-elf/include
  74              		.file 10 "/home/jobe/tidab3/IoT/projekt/Ik1332-project2-group3/compiler/riscv64-unknown-elf/includ
  75              		.file 11 "/home/jobe/tidab3/IoT/projekt/Ik1332-project2-group3/compiler/riscv64-unknown-elf/includ
  76              		.file 12 "/home/jobe/tidab3/IoT/projekt/Ik1332-project2-group3/compiler/riscv64-unknown-elf/includ
  77              		.file 13 "../../firmware/RISCV/stubs/stub.h"
GAS LISTING /tmp/ccvIbvYz.s 			page 3


DEFINED SYMBOLS
                            *ABS*:0000000000000000 fstat.c
     /tmp/ccvIbvYz.s:13     .text._fstat:0000000000000000 _fstat
     /tmp/ccvIbvYz.s:17     .text._fstat:0000000000000000 .L0 
     /tmp/ccvIbvYz.s:19     .text._fstat:0000000000000000 .L0 
     /tmp/ccvIbvYz.s:20     .text._fstat:0000000000000000 .L0 
     /tmp/ccvIbvYz.s:21     .text._fstat:0000000000000000 .L0 
     /tmp/ccvIbvYz.s:23     .text._fstat:0000000000000002 .L0 
     /tmp/ccvIbvYz.s:26     .text._fstat:0000000000000006 .L0 
     /tmp/ccvIbvYz.s:27     .text._fstat:0000000000000006 .L0 
     /tmp/ccvIbvYz.s:29     .text._fstat:0000000000000006 .L0 
     /tmp/ccvIbvYz.s:31     .text._fstat:0000000000000008 .L0 
     /tmp/ccvIbvYz.s:34     .text._fstat:0000000000000010 .L0 
     /tmp/ccvIbvYz.s:36     .text._fstat:0000000000000012 .L0 
     /tmp/ccvIbvYz.s:37     .text._fstat:0000000000000012 .L0 
     /tmp/ccvIbvYz.s:40     .text._fstat:0000000000000016 .L0 
     /tmp/ccvIbvYz.s:41     .text._fstat:0000000000000016 .L0 
     /tmp/ccvIbvYz.s:44     .text._fstat:0000000000000018 .L0 
     /tmp/ccvIbvYz.s:45     .text._fstat:000000000000001a .L0 
     /tmp/ccvIbvYz.s:46     .text._fstat:000000000000001a .L0 
     /tmp/ccvIbvYz.s:48     .text._fstat:000000000000001c .L0 
     /tmp/ccvIbvYz.s:52     .text._fstat:000000000000001e .L0 
     /tmp/ccvIbvYz.s:57     .text._fstat:0000000000000020 .L0 
     /tmp/ccvIbvYz.s:59     .text._fstat:0000000000000020 .L0 
     /tmp/ccvIbvYz.s:61     .text._fstat:0000000000000024 .L0 
     /tmp/ccvIbvYz.s:64     .text._fstat:0000000000000024 .L0 
                     .debug_frame:0000000000000000 .L0 
     /tmp/ccvIbvYz.s:55     .text._fstat:0000000000000020 .L3
     /tmp/ccvIbvYz.s:42     .text._fstat:0000000000000018 .L1
     /tmp/ccvIbvYz.s:1934   .debug_abbrev:0000000000000000 .Ldebug_abbrev0
     /tmp/ccvIbvYz.s:2738   .debug_str:0000000000000399 .LASF170
     /tmp/ccvIbvYz.s:2632   .debug_str:00000000000001a0 .LASF171
     /tmp/ccvIbvYz.s:2852   .debug_str:0000000000000607 .LASF172
     /tmp/ccvIbvYz.s:2538   .debug_ranges:0000000000000000 .Ldebug_ranges0
     /tmp/ccvIbvYz.s:2544   .debug_line:0000000000000000 .Ldebug_line0
     /tmp/ccvIbvYz.s:2676   .debug_str:0000000000000287 .LASF0
     /tmp/ccvIbvYz.s:2596   .debug_str:0000000000000100 .LASF1
     /tmp/ccvIbvYz.s:2732   .debug_str:000000000000037f .LASF2
     /tmp/ccvIbvYz.s:2712   .debug_str:0000000000000331 .LASF8
     /tmp/ccvIbvYz.s:2598   .debug_str:000000000000010e .LASF3
     /tmp/ccvIbvYz.s:2760   .debug_str:0000000000000473 .LASF4
     /tmp/ccvIbvYz.s:2768   .debug_str:0000000000000496 .LASF5
     /tmp/ccvIbvYz.s:2698   .debug_str:00000000000002e6 .LASF6
     /tmp/ccvIbvYz.s:2618   .debug_str:0000000000000167 .LASF7
     /tmp/ccvIbvYz.s:2652   .debug_str:000000000000021d .LASF9
     /tmp/ccvIbvYz.s:2686   .debug_str:00000000000002b4 .LASF10
     /tmp/ccvIbvYz.s:2574   .debug_str:0000000000000082 .LASF11
     /tmp/ccvIbvYz.s:2586   .debug_str:00000000000000cc .LASF12
     /tmp/ccvIbvYz.s:2616   .debug_str:000000000000015c .LASF13
     /tmp/ccvIbvYz.s:2744   .debug_str:0000000000000424 .LASF14
     /tmp/ccvIbvYz.s:2746   .debug_str:0000000000000430 .LASF15
     /tmp/ccvIbvYz.s:2664   .debug_str:0000000000000256 .LASF16
     /tmp/ccvIbvYz.s:2836   .debug_str:00000000000005c1 .LASF17
     /tmp/ccvIbvYz.s:2550   .debug_str:0000000000000014 .LASF18
     /tmp/ccvIbvYz.s:2808   .debug_str:0000000000000554 .LASF19
     /tmp/ccvIbvYz.s:2602   .debug_str:0000000000000120 .LASF20
     /tmp/ccvIbvYz.s:2548   .debug_str:000000000000000c .LASF21
GAS LISTING /tmp/ccvIbvYz.s 			page 4


     /tmp/ccvIbvYz.s:2820   .debug_str:0000000000000584 .LASF22
     /tmp/ccvIbvYz.s:2864   .debug_str:0000000000000695 .LASF23
     /tmp/ccvIbvYz.s:2708   .debug_str:0000000000000323 .LASF24
     /tmp/ccvIbvYz.s:2678   .debug_str:0000000000000294 .LASF25
     /tmp/ccvIbvYz.s:2812   .debug_str:0000000000000562 .LASF26
     /tmp/ccvIbvYz.s:2814   .debug_str:000000000000056a .LASF27
     /tmp/ccvIbvYz.s:2780   .debug_str:00000000000004c9 .LASF28
     /tmp/ccvIbvYz.s:2892   .debug_str:0000000000000712 .LASF29
     /tmp/ccvIbvYz.s:2848   .debug_str:00000000000005f2 .LASF30
     /tmp/ccvIbvYz.s:2756   .debug_str:0000000000000458 .LASF31
     /tmp/ccvIbvYz.s:2656   .debug_str:000000000000022e .LASF32
     /tmp/ccvIbvYz.s:2660   .debug_str:000000000000023f .LASF37
     /tmp/ccvIbvYz.s:2838   .debug_str:00000000000005c9 .LASF33
     /tmp/ccvIbvYz.s:2804   .debug_str:0000000000000545 .LASF34
     /tmp/ccvIbvYz.s:2654   .debug_str:0000000000000228 .LASF35
     /tmp/ccvIbvYz.s:2858   .debug_str:0000000000000680 .LASF36
     /tmp/ccvIbvYz.s:2674   .debug_str:0000000000000282 .LASF38
     /tmp/ccvIbvYz.s:2592   .debug_str:00000000000000f2 .LASF39
     /tmp/ccvIbvYz.s:2830   .debug_str:00000000000005ab .LASF40
     /tmp/ccvIbvYz.s:2606   .debug_str:000000000000012f .LASF41
     /tmp/ccvIbvYz.s:2896   .debug_str:0000000000000725 .LASF42
     /tmp/ccvIbvYz.s:2740   .debug_str:0000000000000413 .LASF43
     /tmp/ccvIbvYz.s:2726   .debug_str:0000000000000365 .LASF44
     /tmp/ccvIbvYz.s:2860   .debug_str:0000000000000685 .LASF45
     /tmp/ccvIbvYz.s:2770   .debug_str:00000000000004a0 .LASF46
     /tmp/ccvIbvYz.s:2876   .debug_str:00000000000006ca .LASF47
     /tmp/ccvIbvYz.s:2610   .debug_str:000000000000013e .LASF48
     /tmp/ccvIbvYz.s:2646   .debug_str:000000000000020a .LASF49
     /tmp/ccvIbvYz.s:2546   .debug_str:0000000000000000 .LASF50
     /tmp/ccvIbvYz.s:2844   .debug_str:00000000000005e4 .LASF51
     /tmp/ccvIbvYz.s:2624   .debug_str:0000000000000181 .LASF52
     /tmp/ccvIbvYz.s:2742   .debug_str:000000000000041c .LASF53
     /tmp/ccvIbvYz.s:2796   .debug_str:0000000000000515 .LASF54
     /tmp/ccvIbvYz.s:2648   .debug_str:0000000000000212 .LASF55
     /tmp/ccvIbvYz.s:2772   .debug_str:00000000000004aa .LASF56
     /tmp/ccvIbvYz.s:2604   .debug_str:0000000000000129 .LASF57
     /tmp/ccvIbvYz.s:2552   .debug_str:000000000000001c .LASF58
     /tmp/ccvIbvYz.s:2782   .debug_str:00000000000004d4 .LASF59
     /tmp/ccvIbvYz.s:2622   .debug_str:000000000000017a .LASF60
     /tmp/ccvIbvYz.s:2688   .debug_str:00000000000002c6 .LASF61
     /tmp/ccvIbvYz.s:2578   .debug_str:00000000000000a3 .LASF62
     /tmp/ccvIbvYz.s:2612   .debug_str:000000000000014c .LASF63
     /tmp/ccvIbvYz.s:2666   .debug_str:000000000000025e .LASF64
     /tmp/ccvIbvYz.s:2724   .debug_str:000000000000035e .LASF65
     /tmp/ccvIbvYz.s:2816   .debug_str:0000000000000572 .LASF66
     /tmp/ccvIbvYz.s:2880   .debug_str:00000000000006e4 .LASF67
     /tmp/ccvIbvYz.s:2600   .debug_str:000000000000011a .LASF68
     /tmp/ccvIbvYz.s:2872   .debug_str:00000000000006bc .LASF69
     /tmp/ccvIbvYz.s:2630   .debug_str:0000000000000197 .LASF70
     /tmp/ccvIbvYz.s:2640   .debug_str:00000000000001e3 .LASF71
     /tmp/ccvIbvYz.s:2568   .debug_str:000000000000005c .LASF72
     /tmp/ccvIbvYz.s:2714   .debug_str:0000000000000338 .LASF73
     /tmp/ccvIbvYz.s:2786   .debug_str:00000000000004e6 .LASF74
     /tmp/ccvIbvYz.s:2718   .debug_str:0000000000000345 .LASF75
     /tmp/ccvIbvYz.s:2806   .debug_str:000000000000054d .LASF76
     /tmp/ccvIbvYz.s:2824   .debug_str:0000000000000595 .LASF77
     /tmp/ccvIbvYz.s:2626   .debug_str:0000000000000189 .LASF78
GAS LISTING /tmp/ccvIbvYz.s 			page 5


     /tmp/ccvIbvYz.s:2680   .debug_str:000000000000029b .LASF79
     /tmp/ccvIbvYz.s:2658   .debug_str:0000000000000237 .LASF80
     /tmp/ccvIbvYz.s:2794   .debug_str:0000000000000510 .LASF81
     /tmp/ccvIbvYz.s:2560   .debug_str:0000000000000039 .LASF82
     /tmp/ccvIbvYz.s:2802   .debug_str:000000000000052c .LASF83
     /tmp/ccvIbvYz.s:2798   .debug_str:000000000000051a .LASF84
     /tmp/ccvIbvYz.s:2634   .debug_str:00000000000001c3 .LASF85
     /tmp/ccvIbvYz.s:2800   .debug_str:0000000000000522 .LASF86
     /tmp/ccvIbvYz.s:2706   .debug_str:000000000000031b .LASF87
     /tmp/ccvIbvYz.s:2668   .debug_str:0000000000000264 .LASF88
     /tmp/ccvIbvYz.s:2890   .debug_str:000000000000070d .LASF89
     /tmp/ccvIbvYz.s:2752   .debug_str:0000000000000444 .LASF90
     /tmp/ccvIbvYz.s:2684   .debug_str:00000000000002ac .LASF91
     /tmp/ccvIbvYz.s:2638   .debug_str:00000000000001db .LASF92
     /tmp/ccvIbvYz.s:2762   .debug_str:0000000000000481 .LASF93
     /tmp/ccvIbvYz.s:2700   .debug_str:00000000000002f9 .LASF94
     /tmp/ccvIbvYz.s:2868   .debug_str:00000000000006a8 .LASF95
     /tmp/ccvIbvYz.s:2614   .debug_str:0000000000000154 .LASF96
     /tmp/ccvIbvYz.s:2608   .debug_str:0000000000000139 .LASF97
     /tmp/ccvIbvYz.s:2826   .debug_str:000000000000059c .LASF98
     /tmp/ccvIbvYz.s:2778   .debug_str:00000000000004c2 .LASF99
     /tmp/ccvIbvYz.s:2862   .debug_str:000000000000068f .LASF100
     /tmp/ccvIbvYz.s:2694   .debug_str:00000000000002d9 .LASF101
     /tmp/ccvIbvYz.s:2776   .debug_str:00000000000004bc .LASF102
     /tmp/ccvIbvYz.s:2556   .debug_str:000000000000002a .LASF103
     /tmp/ccvIbvYz.s:2810   .debug_str:000000000000055c .LASF104
     /tmp/ccvIbvYz.s:2834   .debug_str:00000000000005bb .LASF105
     /tmp/ccvIbvYz.s:2846   .debug_str:00000000000005ed .LASF106
     /tmp/ccvIbvYz.s:2856   .debug_str:0000000000000673 .LASF107
     /tmp/ccvIbvYz.s:2840   .debug_str:00000000000005cf .LASF108
     /tmp/ccvIbvYz.s:2704   .debug_str:000000000000030e .LASF109
     /tmp/ccvIbvYz.s:2878   .debug_str:00000000000006d5 .LASF110
     /tmp/ccvIbvYz.s:2662   .debug_str:0000000000000247 .LASF111
     /tmp/ccvIbvYz.s:2788   .debug_str:00000000000004ef .LASF112
     /tmp/ccvIbvYz.s:2882   .debug_str:00000000000006eb .LASF113
     /tmp/ccvIbvYz.s:2792   .debug_str:0000000000000503 .LASF114
     /tmp/ccvIbvYz.s:2888   .debug_str:00000000000006ff .LASF115
     /tmp/ccvIbvYz.s:2590   .debug_str:00000000000000e4 .LASF116
     /tmp/ccvIbvYz.s:2866   .debug_str:000000000000069e .LASF117
     /tmp/ccvIbvYz.s:2702   .debug_str:0000000000000302 .LASF118
     /tmp/ccvIbvYz.s:2850   .debug_str:00000000000005fa .LASF119
     /tmp/ccvIbvYz.s:2644   .debug_str:00000000000001fc .LASF120
     /tmp/ccvIbvYz.s:2584   .debug_str:00000000000000bd .LASF121
     /tmp/ccvIbvYz.s:2642   .debug_str:00000000000001eb .LASF122
     /tmp/ccvIbvYz.s:2570   .debug_str:0000000000000062 .LASF123
     /tmp/ccvIbvYz.s:2572   .debug_str:0000000000000071 .LASF124
     /tmp/ccvIbvYz.s:2766   .debug_str:000000000000048d .LASF125
     /tmp/ccvIbvYz.s:2736   .debug_str:0000000000000392 .LASF126
     /tmp/ccvIbvYz.s:2728   .debug_str:000000000000036f .LASF127
     /tmp/ccvIbvYz.s:2874   .debug_str:00000000000006c2 .LASF128
     /tmp/ccvIbvYz.s:2580   .debug_str:00000000000000ac .LASF173
     /tmp/ccvIbvYz.s:2818   .debug_str:0000000000000578 .LASF129
     /tmp/ccvIbvYz.s:2854   .debug_str:0000000000000660 .LASF130
     /tmp/ccvIbvYz.s:2636   .debug_str:00000000000001ce .LASF131
     /tmp/ccvIbvYz.s:2784   .debug_str:00000000000004dc .LASF132
     /tmp/ccvIbvYz.s:2750   .debug_str:000000000000043d .LASF133
     /tmp/ccvIbvYz.s:2682   .debug_str:00000000000002a3 .LASF134
GAS LISTING /tmp/ccvIbvYz.s 			page 6


     /tmp/ccvIbvYz.s:2870   .debug_str:00000000000006b2 .LASF135
     /tmp/ccvIbvYz.s:2898   .debug_str:000000000000072f .LASF136
     /tmp/ccvIbvYz.s:2690   .debug_str:00000000000002cc .LASF137
     /tmp/ccvIbvYz.s:2748   .debug_str:0000000000000437 .LASF138
     /tmp/ccvIbvYz.s:2696   .debug_str:00000000000002e0 .LASF139
     /tmp/ccvIbvYz.s:2650   .debug_str:0000000000000217 .LASF140
     /tmp/ccvIbvYz.s:2558   .debug_str:0000000000000032 .LASF141
     /tmp/ccvIbvYz.s:2554   .debug_str:0000000000000022 .LASF142
     /tmp/ccvIbvYz.s:2710   .debug_str:0000000000000329 .LASF143
     /tmp/ccvIbvYz.s:2730   .debug_str:0000000000000378 .LASF144
     /tmp/ccvIbvYz.s:2734   .debug_str:000000000000038b .LASF145
     /tmp/ccvIbvYz.s:2832   .debug_str:00000000000005b4 .LASF146
     /tmp/ccvIbvYz.s:2884   .debug_str:00000000000006f0 .LASF147
     /tmp/ccvIbvYz.s:2722   .debug_str:0000000000000355 .LASF148
     /tmp/ccvIbvYz.s:2754   .debug_str:000000000000044e .LASF149
     /tmp/ccvIbvYz.s:2562   .debug_str:0000000000000044 .LASF150
     /tmp/ccvIbvYz.s:2588   .debug_str:00000000000000dc .LASF151
     /tmp/ccvIbvYz.s:2594   .debug_str:00000000000000fb .LASF152
     /tmp/ccvIbvYz.s:2564   .debug_str:000000000000004e .LASF153
     /tmp/ccvIbvYz.s:2764   .debug_str:0000000000000486 .LASF154
     /tmp/ccvIbvYz.s:2842   .debug_str:00000000000005dc .LASF155
     /tmp/ccvIbvYz.s:2758   .debug_str:000000000000046a .LASF156
     /tmp/ccvIbvYz.s:2692   .debug_str:00000000000002d2 .LASF157
     /tmp/ccvIbvYz.s:2566   .debug_str:0000000000000055 .LASF158
     /tmp/ccvIbvYz.s:2886   .debug_str:00000000000006f7 .LASF159
     /tmp/ccvIbvYz.s:2720   .debug_str:000000000000034d .LASF160
     /tmp/ccvIbvYz.s:2822   .debug_str:000000000000058c .LASF161
     /tmp/ccvIbvYz.s:2670   .debug_str:000000000000026e .LASF162
     /tmp/ccvIbvYz.s:2894   .debug_str:000000000000071c .LASF163
     /tmp/ccvIbvYz.s:2672   .debug_str:0000000000000278 .LASF164
     /tmp/ccvIbvYz.s:2790   .debug_str:00000000000004fa .LASF165
     /tmp/ccvIbvYz.s:2620   .debug_str:0000000000000170 .LASF166
     /tmp/ccvIbvYz.s:2774   .debug_str:00000000000004b1 .LASF167
     /tmp/ccvIbvYz.s:2576   .debug_str:0000000000000099 .LASF168
     /tmp/ccvIbvYz.s:2828   .debug_str:00000000000005a1 .LASF169
     /tmp/ccvIbvYz.s:2628   .debug_str:0000000000000190 .LASF174
     /tmp/ccvIbvYz.s:14     .text._fstat:0000000000000000 .LFB1
     /tmp/ccvIbvYz.s:62     .text._fstat:0000000000000024 .LFE1
     /tmp/ccvIbvYz.s:2466   .debug_loc:0000000000000000 .LLST0
     /tmp/ccvIbvYz.s:2489   .debug_loc:0000000000000038 .LLST1
     /tmp/ccvIbvYz.s:2503   .debug_loc:0000000000000059 .LLST2
     /tmp/ccvIbvYz.s:32     .text._fstat:0000000000000010 .LVL1
     /tmp/ccvIbvYz.s:2582   .debug_str:00000000000000b7 .LASF175
     /tmp/ccvIbvYz.s:2716   .debug_str:000000000000033e .LASF176
     /tmp/ccvIbvYz.s:22     .text._fstat:0000000000000002 .LCFI0
     /tmp/ccvIbvYz.s:51     .text._fstat:000000000000001e .LCFI1
     /tmp/ccvIbvYz.s:56     .text._fstat:0000000000000020 .LCFI2
     /tmp/ccvIbvYz.s:18     .text._fstat:0000000000000000 .LVL0
     /tmp/ccvIbvYz.s:49     .text._fstat:000000000000001c .LVL2
     /tmp/ccvIbvYz.s:54     .text._fstat:0000000000000020 .LVL3
     /tmp/ccvIbvYz.s:79     .debug_info:0000000000000000 .Ldebug_info0

UNDEFINED SYMBOLS
isatty
