GAS LISTING /tmp/ccRKpKPo.s 			page 1


   1              		.file	"close.c"
   2              		.option nopic
   3              		.attribute arch, "rv32i2p0_m2p0_a2p0_c2p0"
   4              		.attribute unaligned_access, 0
   5              		.attribute stack_align, 16
   6              		.text
   7              	.Ltext0:
   8              		.cfi_sections	.debug_frame
   9              		.section	.text._close,"ax",@progbits
  10              		.align	1
  11              		.globl	_close
  13              	_close:
  14              	.LFB1:
  15              		.file 1 "../../firmware/RISCV/stubs/close.c"
   1:../../firmware/RISCV/stubs/close.c **** /* See LICENSE of license details. */
   2:../../firmware/RISCV/stubs/close.c **** 
   3:../../firmware/RISCV/stubs/close.c **** #include <errno.h>
   4:../../firmware/RISCV/stubs/close.c **** #include "stub.h"
   5:../../firmware/RISCV/stubs/close.c **** 
   6:../../firmware/RISCV/stubs/close.c **** int _close(int fd)
   7:../../firmware/RISCV/stubs/close.c **** {
  16              		.loc 1 7 1
  17              		.cfi_startproc
  18              	.LVL0:
   8:../../firmware/RISCV/stubs/close.c ****   return _stub(EBADF);
  19              		.loc 1 8 3
  20              		.file 2 "../../firmware/RISCV/stubs/stub.h"
   1:../../firmware/RISCV/stubs/stub.h **** /* See LICENSE of license details. */
   2:../../firmware/RISCV/stubs/stub.h **** #ifndef _NUCLEI_SYS_STUB_H
   3:../../firmware/RISCV/stubs/stub.h **** #define _NUCLEI_SYS_STUB_H
   4:../../firmware/RISCV/stubs/stub.h **** 
   5:../../firmware/RISCV/stubs/stub.h **** #include <stdint.h>
   6:../../firmware/RISCV/stubs/stub.h **** #if   defined (__GNUC__)
   7:../../firmware/RISCV/stubs/stub.h **** #include <unistd.h>
   8:../../firmware/RISCV/stubs/stub.h **** #endif
   9:../../firmware/RISCV/stubs/stub.h **** 
  10:../../firmware/RISCV/stubs/stub.h **** void write_hex(int fd, unsigned long int hex);
  11:../../firmware/RISCV/stubs/stub.h **** 
  12:../../firmware/RISCV/stubs/stub.h **** static inline int _stub(int err)
  13:../../firmware/RISCV/stubs/stub.h **** {
  14:../../firmware/RISCV/stubs/stub.h ****   return -1;
  21              		.loc 2 14 3
   9:../../firmware/RISCV/stubs/close.c **** }
  22              		.loc 1 9 1 is_stmt 0
  23 0000 7D55     		li	a0,-1
  24              	.LVL1:
  25 0002 8280     		ret
  26              		.cfi_endproc
  27              	.LFE1:
  29              		.text
  30              	.Letext0:
  31              		.file 3 "/home/remahl/toolchain-gd32v/toolchain-gd32v-linux/compiler/lib/gcc/riscv64-unknown-elf/8
  32              		.file 4 "/home/remahl/toolchain-gd32v/toolchain-gd32v-linux/compiler/riscv64-unknown-elf/include/s
  33              		.file 5 "/home/remahl/toolchain-gd32v/toolchain-gd32v-linux/compiler/riscv64-unknown-elf/include/s
  34              		.file 6 "/home/remahl/toolchain-gd32v/toolchain-gd32v-linux/compiler/riscv64-unknown-elf/include/s
  35              		.file 7 "/home/remahl/toolchain-gd32v/toolchain-gd32v-linux/compiler/riscv64-unknown-elf/include/s
  36              		.file 8 "/home/remahl/toolchain-gd32v/toolchain-gd32v-linux/compiler/riscv64-unknown-elf/include/s
GAS LISTING /tmp/ccRKpKPo.s 			page 2


GAS LISTING /tmp/ccRKpKPo.s 			page 3


DEFINED SYMBOLS
                            *ABS*:0000000000000000 close.c
     /tmp/ccRKpKPo.s:13     .text._close:0000000000000000 _close
     /tmp/ccRKpKPo.s:17     .text._close:0000000000000000 .L0 
     /tmp/ccRKpKPo.s:19     .text._close:0000000000000000 .L0 
     /tmp/ccRKpKPo.s:21     .text._close:0000000000000000 .L0 
     /tmp/ccRKpKPo.s:22     .text._close:0000000000000000 .L0 
     /tmp/ccRKpKPo.s:23     .text._close:0000000000000000 .L0 
     /tmp/ccRKpKPo.s:26     .text._close:0000000000000004 .L0 
     /tmp/ccRKpKPo.s:29     .text._close:0000000000000004 .L0 
                     .debug_frame:0000000000000000 .L0 
     /tmp/ccRKpKPo.s:1540   .debug_abbrev:0000000000000000 .Ldebug_abbrev0
     /tmp/ccRKpKPo.s:2206   .debug_str:00000000000002d5 .LASF128
     /tmp/ccRKpKPo.s:2288   .debug_str:00000000000004b9 .LASF129
     /tmp/ccRKpKPo.s:2156   .debug_str:00000000000001b6 .LASF130
     /tmp/ccRKpKPo.s:2060   .debug_ranges:0000000000000000 .Ldebug_ranges0
     /tmp/ccRKpKPo.s:2066   .debug_line:0000000000000000 .Ldebug_line0
     /tmp/ccRKpKPo.s:2280   .debug_str:0000000000000499 .LASF0
     /tmp/ccRKpKPo.s:2096   .debug_str:00000000000000a2 .LASF1
     /tmp/ccRKpKPo.s:2200   .debug_str:00000000000002bb .LASF2
     /tmp/ccRKpKPo.s:2184   .debug_str:000000000000027c .LASF10
     /tmp/ccRKpKPo.s:2098   .debug_str:00000000000000b0 .LASF3
     /tmp/ccRKpKPo.s:2220   .debug_str:000000000000038e .LASF4
     /tmp/ccRKpKPo.s:2226   .debug_str:00000000000003aa .LASF5
     /tmp/ccRKpKPo.s:2170   .debug_str:0000000000000231 .LASF6
     /tmp/ccRKpKPo.s:2114   .debug_str:00000000000000f5 .LASF7
     /tmp/ccRKpKPo.s:2164   .debug_str:0000000000000212 .LASF8
     /tmp/ccRKpKPo.s:2082   .debug_str:000000000000004b .LASF9
     /tmp/ccRKpKPo.s:2214   .debug_str:000000000000036b .LASF11
     /tmp/ccRKpKPo.s:2272   .debug_str:000000000000047c .LASF12
     /tmp/ccRKpKPo.s:2308   .debug_str:0000000000000534 .LASF13
     /tmp/ccRKpKPo.s:2180   .debug_str:000000000000026e .LASF14
     /tmp/ccRKpKPo.s:2158   .debug_str:00000000000001fb .LASF15
     /tmp/ccRKpKPo.s:2264   .debug_str:000000000000045a .LASF16
     /tmp/ccRKpKPo.s:2266   .debug_str:0000000000000462 .LASF17
     /tmp/ccRKpKPo.s:2236   .debug_str:00000000000003d2 .LASF18
     /tmp/ccRKpKPo.s:2294   .debug_str:00000000000004ea .LASF19
     /tmp/ccRKpKPo.s:2218   .debug_str:000000000000037c .LASF20
     /tmp/ccRKpKPo.s:2142   .debug_str:0000000000000179 .LASF21
     /tmp/ccRKpKPo.s:2146   .debug_str:000000000000018a .LASF26
     /tmp/ccRKpKPo.s:2286   .debug_str:00000000000004b3 .LASF22
     /tmp/ccRKpKPo.s:2258   .debug_str:0000000000000445 .LASF23
     /tmp/ccRKpKPo.s:2140   .debug_str:0000000000000173 .LASF24
     /tmp/ccRKpKPo.s:2302   .debug_str:000000000000051f .LASF25
     /tmp/ccRKpKPo.s:2154   .debug_str:00000000000001b1 .LASF27
     /tmp/ccRKpKPo.s:2094   .debug_str:0000000000000099 .LASF28
     /tmp/ccRKpKPo.s:2278   .debug_str:0000000000000490 .LASF29
     /tmp/ccRKpKPo.s:2104   .debug_str:00000000000000c8 .LASF30
     /tmp/ccRKpKPo.s:2332   .debug_str:000000000000059f .LASF31
     /tmp/ccRKpKPo.s:2208   .debug_str:000000000000034f .LASF32
     /tmp/ccRKpKPo.s:2194   .debug_str:00000000000002a1 .LASF33
     /tmp/ccRKpKPo.s:2304   .debug_str:0000000000000524 .LASF34
     /tmp/ccRKpKPo.s:2228   .debug_str:00000000000003b4 .LASF35
     /tmp/ccRKpKPo.s:2318   .debug_str:000000000000055f .LASF36
     /tmp/ccRKpKPo.s:2108   .debug_str:00000000000000d7 .LASF37
     /tmp/ccRKpKPo.s:2136   .debug_str:0000000000000166 .LASF38
     /tmp/ccRKpKPo.s:2068   .debug_str:0000000000000000 .LASF39
GAS LISTING /tmp/ccRKpKPo.s 			page 4


     /tmp/ccRKpKPo.s:2290   .debug_str:00000000000004dc .LASF40
     /tmp/ccRKpKPo.s:2118   .debug_str:0000000000000105 .LASF41
     /tmp/ccRKpKPo.s:2210   .debug_str:0000000000000358 .LASF42
     /tmp/ccRKpKPo.s:2250   .debug_str:0000000000000415 .LASF43
     /tmp/ccRKpKPo.s:2138   .debug_str:000000000000016e .LASF44
     /tmp/ccRKpKPo.s:2230   .debug_str:00000000000003be .LASF45
     /tmp/ccRKpKPo.s:2102   .debug_str:00000000000000c2 .LASF46
     /tmp/ccRKpKPo.s:2070   .debug_str:000000000000000c .LASF47
     /tmp/ccRKpKPo.s:2238   .debug_str:00000000000003dd .LASF48
     /tmp/ccRKpKPo.s:2116   .debug_str:00000000000000fe .LASF49
     /tmp/ccRKpKPo.s:2166   .debug_str:0000000000000224 .LASF50
     /tmp/ccRKpKPo.s:2084   .debug_str:0000000000000062 .LASF51
     /tmp/ccRKpKPo.s:2110   .debug_str:00000000000000e5 .LASF52
     /tmp/ccRKpKPo.s:2150   .debug_str:00000000000001a1 .LASF53
     /tmp/ccRKpKPo.s:2192   .debug_str:000000000000029a .LASF54
     /tmp/ccRKpKPo.s:2268   .debug_str:000000000000046a .LASF55
     /tmp/ccRKpKPo.s:2322   .debug_str:0000000000000579 .LASF56
     /tmp/ccRKpKPo.s:2100   .debug_str:00000000000000bc .LASF57
     /tmp/ccRKpKPo.s:2314   .debug_str:0000000000000551 .LASF58
     /tmp/ccRKpKPo.s:2122   .debug_str:0000000000000114 .LASF59
     /tmp/ccRKpKPo.s:2128   .debug_str:0000000000000132 .LASF60
     /tmp/ccRKpKPo.s:2076   .debug_str:0000000000000025 .LASF61
     /tmp/ccRKpKPo.s:2186   .debug_str:0000000000000283 .LASF62
     /tmp/ccRKpKPo.s:2242   .debug_str:00000000000003ef .LASF63
     /tmp/ccRKpKPo.s:2188   .debug_str:0000000000000289 .LASF64
     /tmp/ccRKpKPo.s:2260   .debug_str:000000000000044d .LASF65
     /tmp/ccRKpKPo.s:2274   .debug_str:0000000000000484 .LASF66
     /tmp/ccRKpKPo.s:2120   .debug_str:000000000000010d .LASF67
     /tmp/ccRKpKPo.s:2160   .debug_str:0000000000000202 .LASF68
     /tmp/ccRKpKPo.s:2144   .debug_str:0000000000000182 .LASF69
     /tmp/ccRKpKPo.s:2248   .debug_str:0000000000000410 .LASF70
     /tmp/ccRKpKPo.s:2074   .debug_str:000000000000001a .LASF71
     /tmp/ccRKpKPo.s:2256   .debug_str:000000000000042c .LASF72
     /tmp/ccRKpKPo.s:2252   .debug_str:000000000000041a .LASF73
     /tmp/ccRKpKPo.s:2212   .debug_str:0000000000000360 .LASF74
     /tmp/ccRKpKPo.s:2254   .debug_str:0000000000000422 .LASF75
     /tmp/ccRKpKPo.s:2178   .debug_str:0000000000000266 .LASF76
     /tmp/ccRKpKPo.s:2152   .debug_str:00000000000001a7 .LASF77
     /tmp/ccRKpKPo.s:2330   .debug_str:000000000000059a .LASF78
     /tmp/ccRKpKPo.s:2216   .debug_str:0000000000000372 .LASF79
     /tmp/ccRKpKPo.s:2162   .debug_str:000000000000020a .LASF80
     /tmp/ccRKpKPo.s:2126   .debug_str:000000000000012a .LASF81
     /tmp/ccRKpKPo.s:2222   .debug_str:000000000000039c .LASF82
     /tmp/ccRKpKPo.s:2172   .debug_str:0000000000000244 .LASF83
     /tmp/ccRKpKPo.s:2312   .debug_str:0000000000000547 .LASF84
     /tmp/ccRKpKPo.s:2112   .debug_str:00000000000000ed .LASF85
     /tmp/ccRKpKPo.s:2106   .debug_str:00000000000000d2 .LASF86
     /tmp/ccRKpKPo.s:2276   .debug_str:000000000000048b .LASF87
     /tmp/ccRKpKPo.s:2234   .debug_str:00000000000003cb .LASF88
     /tmp/ccRKpKPo.s:2306   .debug_str:000000000000052e .LASF89
     /tmp/ccRKpKPo.s:2168   .debug_str:000000000000022a .LASF90
     /tmp/ccRKpKPo.s:2232   .debug_str:00000000000003c5 .LASF91
     /tmp/ccRKpKPo.s:2072   .debug_str:0000000000000012 .LASF92
     /tmp/ccRKpKPo.s:2262   .debug_str:0000000000000454 .LASF93
     /tmp/ccRKpKPo.s:2284   .debug_str:00000000000004ad .LASF94
     /tmp/ccRKpKPo.s:2292   .debug_str:00000000000004e5 .LASF95
     /tmp/ccRKpKPo.s:2300   .debug_str:0000000000000512 .LASF96
GAS LISTING /tmp/ccRKpKPo.s 			page 5


     /tmp/ccRKpKPo.s:2132   .debug_str:000000000000014b .LASF97
     /tmp/ccRKpKPo.s:2176   .debug_str:0000000000000259 .LASF98
     /tmp/ccRKpKPo.s:2320   .debug_str:000000000000056a .LASF99
     /tmp/ccRKpKPo.s:2148   .debug_str:0000000000000192 .LASF100
     /tmp/ccRKpKPo.s:2244   .debug_str:00000000000003f8 .LASF101
     /tmp/ccRKpKPo.s:2324   .debug_str:0000000000000580 .LASF102
     /tmp/ccRKpKPo.s:2246   .debug_str:0000000000000403 .LASF103
     /tmp/ccRKpKPo.s:2328   .debug_str:000000000000058c .LASF104
     /tmp/ccRKpKPo.s:2092   .debug_str:000000000000008b .LASF105
     /tmp/ccRKpKPo.s:2310   .debug_str:000000000000053d .LASF106
     /tmp/ccRKpKPo.s:2174   .debug_str:000000000000024d .LASF107
     /tmp/ccRKpKPo.s:2296   .debug_str:00000000000004f2 .LASF108
     /tmp/ccRKpKPo.s:2134   .debug_str:0000000000000158 .LASF109
     /tmp/ccRKpKPo.s:2090   .debug_str:000000000000007c .LASF110
     /tmp/ccRKpKPo.s:2130   .debug_str:000000000000013a .LASF111
     /tmp/ccRKpKPo.s:2078   .debug_str:000000000000002b .LASF112
     /tmp/ccRKpKPo.s:2080   .debug_str:000000000000003a .LASF113
     /tmp/ccRKpKPo.s:2224   .debug_str:00000000000003a1 .LASF114
     /tmp/ccRKpKPo.s:2204   .debug_str:00000000000002ce .LASF115
     /tmp/ccRKpKPo.s:2196   .debug_str:00000000000002ab .LASF116
     /tmp/ccRKpKPo.s:2316   .debug_str:0000000000000557 .LASF117
     /tmp/ccRKpKPo.s:2086   .debug_str:000000000000006b .LASF131
     /tmp/ccRKpKPo.s:2270   .debug_str:0000000000000470 .LASF118
     /tmp/ccRKpKPo.s:2298   .debug_str:00000000000004ff .LASF119
     /tmp/ccRKpKPo.s:2124   .debug_str:000000000000011d .LASF120
     /tmp/ccRKpKPo.s:2240   .debug_str:00000000000003e5 .LASF121
     /tmp/ccRKpKPo.s:2182   .debug_str:0000000000000274 .LASF122
     /tmp/ccRKpKPo.s:2198   .debug_str:00000000000002b4 .LASF123
     /tmp/ccRKpKPo.s:2202   .debug_str:00000000000002c7 .LASF124
     /tmp/ccRKpKPo.s:2282   .debug_str:00000000000004a6 .LASF125
     /tmp/ccRKpKPo.s:2326   .debug_str:0000000000000585 .LASF126
     /tmp/ccRKpKPo.s:2190   .debug_str:0000000000000291 .LASF127
     /tmp/ccRKpKPo.s:14     .text._close:0000000000000000 .LFB1
     /tmp/ccRKpKPo.s:27     .text._close:0000000000000004 .LFE1
     /tmp/ccRKpKPo.s:2033   .debug_loc:0000000000000000 .LLST0
     /tmp/ccRKpKPo.s:2088   .debug_str:0000000000000076 .LASF132
     /tmp/ccRKpKPo.s:18     .text._close:0000000000000000 .LVL0
     /tmp/ccRKpKPo.s:24     .text._close:0000000000000002 .LVL1
     /tmp/ccRKpKPo.s:38     .debug_info:0000000000000000 .Ldebug_info0

NO UNDEFINED SYMBOLS
