GAS LISTING /tmp/ccclqKJZ.s 			page 1


   1              		.file	"init.c"
   2              		.option nopic
   3              		.attribute arch, "rv32i2p0_m2p0_a2p0_c2p0"
   4              		.attribute unaligned_access, 0
   5              		.attribute stack_align, 16
   6              		.text
   7              	.Ltext0:
   8              		.cfi_sections	.debug_frame
   9              		.section	.text._init,"ax",@progbits
  10              		.align	1
  11              		.globl	_init
  13              	_init:
  14              	.LFB5:
  15              		.file 1 "../../firmware/RISCV/env_Eclipse/init.c"
   1:../../firmware/RISCV/env_Eclipse/init.c **** //See LICENSE for license details.
   2:../../firmware/RISCV/env_Eclipse/init.c **** #include <gd32vf103.h>
   3:../../firmware/RISCV/env_Eclipse/init.c **** #include <stdint.h>
   4:../../firmware/RISCV/env_Eclipse/init.c **** #include <stdio.h>
   5:../../firmware/RISCV/env_Eclipse/init.c **** #include <unistd.h>
   6:../../firmware/RISCV/env_Eclipse/init.c **** #include "riscv_encoding.h"
   7:../../firmware/RISCV/env_Eclipse/init.c **** #include "n200_func.h"
   8:../../firmware/RISCV/env_Eclipse/init.c **** 
   9:../../firmware/RISCV/env_Eclipse/init.c **** extern uint32_t disable_mcycle_minstret();
  10:../../firmware/RISCV/env_Eclipse/init.c **** void _init()
  11:../../firmware/RISCV/env_Eclipse/init.c **** {
  16              		.loc 1 11 1
  17              		.cfi_startproc
  12:../../firmware/RISCV/env_Eclipse/init.c **** 	SystemInit();
  18              		.loc 1 12 2
  11:../../firmware/RISCV/env_Eclipse/init.c **** 	SystemInit();
  19              		.loc 1 11 1 is_stmt 0
  20 0000 4111     		addi	sp,sp,-16
  21              	.LCFI0:
  22              		.cfi_def_cfa_offset 16
  23 0002 06C6     		sw	ra,12(sp)
  24              		.cfi_offset 1, -4
  25              		.loc 1 12 2
  26 0004 97000000 		call	SystemInit
  26      E7800000 
  27              	.LVL0:
  13:../../firmware/RISCV/env_Eclipse/init.c **** 
  14:../../firmware/RISCV/env_Eclipse/init.c **** 	//ECLIC init
  15:../../firmware/RISCV/env_Eclipse/init.c **** 	eclic_init(ECLIC_NUM_INTERRUPTS);
  28              		.loc 1 15 2 is_stmt 1
  29 000c 13057005 		li	a0,87
  30 0010 97000000 		call	eclic_init
  30      E7800000 
  31              	.LVL1:
  16:../../firmware/RISCV/env_Eclipse/init.c **** 	eclic_mode_enable();
  32              		.loc 1 16 2
  33 0018 97000000 		call	eclic_mode_enable
  33      E7800000 
  34              	.LVL2:
  17:../../firmware/RISCV/env_Eclipse/init.c **** 
  18:../../firmware/RISCV/env_Eclipse/init.c **** 	//printf("After ECLIC mode enabled, the mtvec value is %x \n\n\r", read_csr(mtvec));
  19:../../firmware/RISCV/env_Eclipse/init.c **** 
  20:../../firmware/RISCV/env_Eclipse/init.c **** 	// // It must be NOTED:
GAS LISTING /tmp/ccclqKJZ.s 			page 2


  21:../../firmware/RISCV/env_Eclipse/init.c **** 	//  //    * In the RISC-V arch, if user mode and PMP supported, then by default if PMP is not conf
  22:../../firmware/RISCV/env_Eclipse/init.c **** 	//  //      with valid entries, then user mode cannot access any memory, and cannot execute any in
  23:../../firmware/RISCV/env_Eclipse/init.c **** 	//  //    * So if switch to user-mode and still want to continue, then you must configure PMP firs
  24:../../firmware/RISCV/env_Eclipse/init.c **** 	//pmp_open_all_space();
  25:../../firmware/RISCV/env_Eclipse/init.c **** 	//switch_m2u_mode();
  26:../../firmware/RISCV/env_Eclipse/init.c **** 	
  27:../../firmware/RISCV/env_Eclipse/init.c ****     /* Before enter into main, add the cycle/instret disable by default to save power,
  28:../../firmware/RISCV/env_Eclipse/init.c ****     only use them when needed to measure the cycle/instret */
  29:../../firmware/RISCV/env_Eclipse/init.c **** 	disable_mcycle_minstret();
  35              		.loc 1 29 2
  30:../../firmware/RISCV/env_Eclipse/init.c **** }
  36              		.loc 1 30 1 is_stmt 0
  37 0020 B240     		lw	ra,12(sp)
  38              		.cfi_restore 1
  39 0022 4101     		addi	sp,sp,16
  40              	.LCFI1:
  41              		.cfi_def_cfa_offset 0
  29:../../firmware/RISCV/env_Eclipse/init.c **** }
  42              		.loc 1 29 2
  43 0024 17030000 		tail	disable_mcycle_minstret
  43      67000300 
  44              	.LVL3:
  45              		.cfi_endproc
  46              	.LFE5:
  48              		.section	.text._fini,"ax",@progbits
  49              		.align	1
  50              		.globl	_fini
  52              	_fini:
  53              	.LFB6:
  31:../../firmware/RISCV/env_Eclipse/init.c **** 
  32:../../firmware/RISCV/env_Eclipse/init.c **** void _fini()
  33:../../firmware/RISCV/env_Eclipse/init.c **** {
  54              		.loc 1 33 1 is_stmt 1
  55              		.cfi_startproc
  34:../../firmware/RISCV/env_Eclipse/init.c **** }
  56              		.loc 1 34 1
  57 0000 8280     		ret
  58              		.cfi_endproc
  59              	.LFE6:
  61              		.text
  62              	.Letext0:
  63              		.file 2 "/home/remahl/toolchain-gd32v/toolchain-gd32v-linux/compiler/riscv64-unknown-elf/include/m
  64              		.file 3 "/home/remahl/toolchain-gd32v/toolchain-gd32v-linux/compiler/riscv64-unknown-elf/include/s
  65              		.file 4 "/home/remahl/toolchain-gd32v/toolchain-gd32v-linux/compiler/lib/gcc/riscv64-unknown-elf/8
  66              		.file 5 "/home/remahl/toolchain-gd32v/toolchain-gd32v-linux/compiler/riscv64-unknown-elf/include/s
  67              		.file 6 "/home/remahl/toolchain-gd32v/toolchain-gd32v-linux/compiler/riscv64-unknown-elf/include/s
  68              		.file 7 "/home/remahl/toolchain-gd32v/toolchain-gd32v-linux/compiler/riscv64-unknown-elf/include/s
  69              		.file 8 "../../firmware/GD32VF103_standard_peripheral/system_gd32vf103.h"
  70              		.file 9 "/home/remahl/toolchain-gd32v/toolchain-gd32v-linux/compiler/riscv64-unknown-elf/include/s
  71              		.file 10 "../../firmware/RISCV/drivers/n200_func.h"
  72              		.file 11 "../../firmware/GD32VF103_standard_peripheral/gd32vf103.h"
GAS LISTING /tmp/ccclqKJZ.s 			page 3


DEFINED SYMBOLS
                            *ABS*:0000000000000000 init.c
     /tmp/ccclqKJZ.s:13     .text._init:0000000000000000 _init
     /tmp/ccclqKJZ.s:17     .text._init:0000000000000000 .L0 
     /tmp/ccclqKJZ.s:18     .text._init:0000000000000000 .L0 
     /tmp/ccclqKJZ.s:19     .text._init:0000000000000000 .L0 
     /tmp/ccclqKJZ.s:20     .text._init:0000000000000000 .L0 
     /tmp/ccclqKJZ.s:22     .text._init:0000000000000002 .L0 
     /tmp/ccclqKJZ.s:24     .text._init:0000000000000004 .L0 
     /tmp/ccclqKJZ.s:26     .text._init:0000000000000004 .L0 
     /tmp/ccclqKJZ.s:29     .text._init:000000000000000c .L0 
     /tmp/ccclqKJZ.s:33     .text._init:0000000000000018 .L0 
     /tmp/ccclqKJZ.s:36     .text._init:0000000000000020 .L0 
     /tmp/ccclqKJZ.s:37     .text._init:0000000000000020 .L0 
     /tmp/ccclqKJZ.s:38     .text._init:0000000000000022 .L0 
     /tmp/ccclqKJZ.s:41     .text._init:0000000000000024 .L0 
     /tmp/ccclqKJZ.s:43     .text._init:0000000000000024 .L0 
     /tmp/ccclqKJZ.s:45     .text._init:000000000000002c .L0 
     /tmp/ccclqKJZ.s:52     .text._fini:0000000000000000 _fini
     /tmp/ccclqKJZ.s:55     .text._fini:0000000000000000 .L0 
     /tmp/ccclqKJZ.s:56     .text._fini:0000000000000000 .L0 
     /tmp/ccclqKJZ.s:57     .text._fini:0000000000000000 .L0 
     /tmp/ccclqKJZ.s:58     .text._fini:0000000000000002 .L0 
     /tmp/ccclqKJZ.s:48     .text._init:000000000000002c .L0 
     /tmp/ccclqKJZ.s:61     .text._fini:0000000000000002 .L0 
                     .debug_frame:0000000000000000 .L0 
     /tmp/ccclqKJZ.s:1818   .debug_abbrev:0000000000000000 .Ldebug_abbrev0
     /tmp/ccclqKJZ.s:2626   .debug_str:00000000000004e3 .LASF199
     /tmp/ccclqKJZ.s:2698   .debug_str:0000000000000718 .LASF200
     /tmp/ccclqKJZ.s:2650   .debug_str:00000000000005e8 .LASF201
     /tmp/ccclqKJZ.s:2396   .debug_ranges:0000000000000000 .Ldebug_ranges0
     /tmp/ccclqKJZ.s:2404   .debug_line:0000000000000000 .Ldebug_line0
     /tmp/ccclqKJZ.s:2604   .debug_str:000000000000046f .LASF202
     /tmp/ccclqKJZ.s:2522   .debug_str:00000000000002ca .LASF0
     /tmp/ccclqKJZ.s:2812   .debug_str:0000000000000983 .LASF1
     /tmp/ccclqKJZ.s:2754   .debug_str:0000000000000840 .LASF2
     /tmp/ccclqKJZ.s:2516   .debug_str:000000000000029b .LASF3
     /tmp/ccclqKJZ.s:2596   .debug_str:0000000000000446 .LASF4
     /tmp/ccclqKJZ.s:2574   .debug_str:00000000000003ee .LASF5
     /tmp/ccclqKJZ.s:2792   .debug_str:0000000000000911 .LASF6
     /tmp/ccclqKJZ.s:2744   .debug_str:0000000000000805 .LASF7
     /tmp/ccclqKJZ.s:2576   .debug_str:00000000000003f9 .LASF8
     /tmp/ccclqKJZ.s:2784   .debug_str:00000000000008e6 .LASF9
     /tmp/ccclqKJZ.s:2662   .debug_str:000000000000065d .LASF10
     /tmp/ccclqKJZ.s:2766   .debug_str:000000000000088b .LASF11
     /tmp/ccclqKJZ.s:2816   .debug_str:000000000000099a .LASF12
     /tmp/ccclqKJZ.s:2442   .debug_str:00000000000000ed .LASF13
     /tmp/ccclqKJZ.s:2620   .debug_str:00000000000004b9 .LASF14
     /tmp/ccclqKJZ.s:2664   .debug_str:000000000000066a .LASF15
     /tmp/ccclqKJZ.s:2676   .debug_str:00000000000006a0 .LASF16
     /tmp/ccclqKJZ.s:2438   .debug_str:00000000000000cf .LASF17
     /tmp/ccclqKJZ.s:2502   .debug_str:0000000000000246 .LASF18
     /tmp/ccclqKJZ.s:2552   .debug_str:0000000000000369 .LASF19
     /tmp/ccclqKJZ.s:2636   .debug_str:0000000000000588 .LASF20
     /tmp/ccclqKJZ.s:2776   .debug_str:00000000000008b6 .LASF21
     /tmp/ccclqKJZ.s:2410   .debug_str:0000000000000016 .LASF22
     /tmp/ccclqKJZ.s:2446   .debug_str:0000000000000107 .LASF23
GAS LISTING /tmp/ccclqKJZ.s 			page 4


     /tmp/ccclqKJZ.s:2512   .debug_str:0000000000000283 .LASF24
     /tmp/ccclqKJZ.s:2412   .debug_str:0000000000000029 .LASF25
     /tmp/ccclqKJZ.s:2456   .debug_str:0000000000000156 .LASF26
     /tmp/ccclqKJZ.s:2506   .debug_str:0000000000000267 .LASF27
     /tmp/ccclqKJZ.s:2496   .debug_str:000000000000021c .LASF28
     /tmp/ccclqKJZ.s:2544   .debug_str:000000000000033a .LASF29
     /tmp/ccclqKJZ.s:2470   .debug_str:0000000000000197 .LASF30
     /tmp/ccclqKJZ.s:2786   .debug_str:00000000000008ef .LASF31
     /tmp/ccclqKJZ.s:2448   .debug_str:0000000000000113 .LASF32
     /tmp/ccclqKJZ.s:2616   .debug_str:00000000000004a6 .LASF33
     /tmp/ccclqKJZ.s:2658   .debug_str:000000000000064b .LASF34
     /tmp/ccclqKJZ.s:2726   .debug_str:00000000000007aa .LASF35
     /tmp/ccclqKJZ.s:2656   .debug_str:000000000000063e .LASF36
     /tmp/ccclqKJZ.s:2740   .debug_str:00000000000007f2 .LASF37
     /tmp/ccclqKJZ.s:2422   .debug_str:0000000000000060 .LASF38
     /tmp/ccclqKJZ.s:2804   .debug_str:0000000000000953 .LASF39
     /tmp/ccclqKJZ.s:2536   .debug_str:000000000000030d .LASF40
     /tmp/ccclqKJZ.s:2582   .debug_str:0000000000000410 .LASF41
     /tmp/ccclqKJZ.s:2480   .debug_str:00000000000001cb .LASF42
     /tmp/ccclqKJZ.s:2648   .debug_str:00000000000005dc .LASF43
     /tmp/ccclqKJZ.s:2710   .debug_str:0000000000000765 .LASF44
     /tmp/ccclqKJZ.s:2768   .debug_str:0000000000000896 .LASF45
     /tmp/ccclqKJZ.s:2734   .debug_str:00000000000007d2 .LASF46
     /tmp/ccclqKJZ.s:2810   .debug_str:0000000000000973 .LASF47
     /tmp/ccclqKJZ.s:2526   .debug_str:00000000000002e1 .LASF48
     /tmp/ccclqKJZ.s:2484   .debug_str:00000000000001e9 .LASF49
     /tmp/ccclqKJZ.s:2622   .debug_str:00000000000004c4 .LASF50
     /tmp/ccclqKJZ.s:2640   .debug_str:00000000000005a2 .LASF51
     /tmp/ccclqKJZ.s:2514   .debug_str:0000000000000290 .LASF52
     /tmp/ccclqKJZ.s:2542   .debug_str:000000000000032e .LASF53
     /tmp/ccclqKJZ.s:2588   .debug_str:0000000000000427 .LASF54
     /tmp/ccclqKJZ.s:2798   .debug_str:0000000000000934 .LASF55
     /tmp/ccclqKJZ.s:2642   .debug_str:00000000000005ad .LASF56
     /tmp/ccclqKJZ.s:2608   .debug_str:000000000000047d .LASF57
     /tmp/ccclqKJZ.s:2500   .debug_str:0000000000000233 .LASF58
     /tmp/ccclqKJZ.s:2520   .debug_str:00000000000002b7 .LASF59
     /tmp/ccclqKJZ.s:2566   .debug_str:00000000000003bd .LASF60
     /tmp/ccclqKJZ.s:2414   .debug_str:0000000000000037 .LASF61
     /tmp/ccclqKJZ.s:2430   .debug_str:0000000000000096 .LASF62
     /tmp/ccclqKJZ.s:2558   .debug_str:0000000000000396 .LASF63
     /tmp/ccclqKJZ.s:2572   .debug_str:00000000000003e3 .LASF64
     /tmp/ccclqKJZ.s:2624   .debug_str:00000000000004ce .LASF65
     /tmp/ccclqKJZ.s:2730   .debug_str:00000000000007bc .LASF66
     /tmp/ccclqKJZ.s:2462   .debug_str:0000000000000172 .LASF67
     /tmp/ccclqKJZ.s:2748   .debug_str:0000000000000824 .LASF68
     /tmp/ccclqKJZ.s:2408   .debug_str:000000000000000c .LASF69
     /tmp/ccclqKJZ.s:2746   .debug_str:0000000000000811 .LASF70
     /tmp/ccclqKJZ.s:2488   .debug_str:00000000000001fd .LASF71
     /tmp/ccclqKJZ.s:2736   .debug_str:00000000000007e1 .LASF75
     /tmp/ccclqKJZ.s:2556   .debug_str:0000000000000384 .LASF72
     /tmp/ccclqKJZ.s:2504   .debug_str:0000000000000259 .LASF73
     /tmp/ccclqKJZ.s:2432   .debug_str:00000000000000a4 .LASF74
     /tmp/ccclqKJZ.s:2762   .debug_str:0000000000000875 .LASF76
     /tmp/ccclqKJZ.s:2548   .debug_str:0000000000000351 .LASF186
     /tmp/ccclqKJZ.s:2716   .debug_str:0000000000000783 .LASF77
     /tmp/ccclqKJZ.s:2638   .debug_str:000000000000059b .LASF78
     /tmp/ccclqKJZ.s:2458   .debug_str:0000000000000164 .LASF79
GAS LISTING /tmp/ccclqKJZ.s 			page 5


     /tmp/ccclqKJZ.s:2714   .debug_str:000000000000077b .LASF80
     /tmp/ccclqKJZ.s:2778   .debug_str:00000000000008c9 .LASF81
     /tmp/ccclqKJZ.s:2580   .debug_str:000000000000040a .LASF82
     /tmp/ccclqKJZ.s:2546   .debug_str:000000000000034a .LASF83
     /tmp/ccclqKJZ.s:2706   .debug_str:0000000000000755 .LASF84
     /tmp/ccclqKJZ.s:2708   .debug_str:000000000000075d .LASF85
     /tmp/ccclqKJZ.s:2680   .debug_str:00000000000006ba .LASF86
     /tmp/ccclqKJZ.s:2756   .debug_str:000000000000084d .LASF87
     /tmp/ccclqKJZ.s:2646   .debug_str:00000000000005ca .LASF88
     /tmp/ccclqKJZ.s:2668   .debug_str:000000000000067e .LASF89
     /tmp/ccclqKJZ.s:2534   .debug_str:0000000000000305 .LASF94
     /tmp/ccclqKJZ.s:2738   .debug_str:00000000000007ec .LASF90
     /tmp/ccclqKJZ.s:2700   .debug_str:0000000000000740 .LASF91
     /tmp/ccclqKJZ.s:2528   .debug_str:00000000000002eb .LASF92
     /tmp/ccclqKJZ.s:2772   .debug_str:00000000000008ab .LASF93
     /tmp/ccclqKJZ.s:2510   .debug_str:000000000000027e .LASF95
     /tmp/ccclqKJZ.s:2454   .debug_str:000000000000014d .LASF96
     /tmp/ccclqKJZ.s:2750   .debug_str:0000000000000832 .LASF97
     /tmp/ccclqKJZ.s:2472   .debug_str:00000000000001a6 .LASF98
     /tmp/ccclqKJZ.s:2814   .debug_str:0000000000000990 .LASF99
     /tmp/ccclqKJZ.s:2628   .debug_str:000000000000055d .LASF100
     /tmp/ccclqKJZ.s:2602   .debug_str:0000000000000465 .LASF101
     /tmp/ccclqKJZ.s:2712   .debug_str:0000000000000771 .LASF102
     /tmp/ccclqKJZ.s:2670   .debug_str:0000000000000687 .LASF103
     /tmp/ccclqKJZ.s:2794   .debug_str:000000000000091a .LASF104
     /tmp/ccclqKJZ.s:2476   .debug_str:00000000000001b5 .LASF105
     /tmp/ccclqKJZ.s:2416   .debug_str:0000000000000045 .LASF106
     /tmp/ccclqKJZ.s:2406   .debug_str:0000000000000000 .LASF107
     /tmp/ccclqKJZ.s:2732   .debug_str:00000000000007c9 .LASF108
     /tmp/ccclqKJZ.s:2492   .debug_str:000000000000020d .LASF109
     /tmp/ccclqKJZ.s:2630   .debug_str:0000000000000566 .LASF110
     /tmp/ccclqKJZ.s:2690   .debug_str:00000000000006e8 .LASF111
     /tmp/ccclqKJZ.s:2524   .debug_str:00000000000002dc .LASF112
     /tmp/ccclqKJZ.s:2672   .debug_str:0000000000000691 .LASF113
     /tmp/ccclqKJZ.s:2468   .debug_str:0000000000000191 .LASF114
     /tmp/ccclqKJZ.s:2728   .debug_str:00000000000007b6 .LASF115
     /tmp/ccclqKJZ.s:2682   .debug_str:00000000000006c5 .LASF116
     /tmp/ccclqKJZ.s:2490   .debug_str:0000000000000206 .LASF117
     /tmp/ccclqKJZ.s:2770   .debug_str:00000000000008a5 .LASF118
     /tmp/ccclqKJZ.s:2434   .debug_str:00000000000000bb .LASF119
     /tmp/ccclqKJZ.s:2478   .debug_str:00000000000001c3 .LASF120
     /tmp/ccclqKJZ.s:2540   .debug_str:0000000000000328 .LASF121
     /tmp/ccclqKJZ.s:2600   .debug_str:000000000000045e .LASF122
     /tmp/ccclqKJZ.s:2742   .debug_str:00000000000007ff .LASF123
     /tmp/ccclqKJZ.s:2460   .debug_str:000000000000016b .LASF124
     /tmp/ccclqKJZ.s:2466   .debug_str:000000000000018b .LASF125
     /tmp/ccclqKJZ.s:2788   .debug_str:0000000000000903 .LASF126
     /tmp/ccclqKJZ.s:2724   .debug_str:00000000000007a1 .LASF127
     /tmp/ccclqKJZ.s:2612   .debug_str:0000000000000497 .LASF128
     /tmp/ccclqKJZ.s:2560   .debug_str:00000000000003a5 .LASF129
     /tmp/ccclqKJZ.s:2590   .debug_str:0000000000000433 .LASF130
     /tmp/ccclqKJZ.s:2684   .debug_str:00000000000006cd .LASF131
     /tmp/ccclqKJZ.s:2674   .debug_str:0000000000000698 .LASF132
     /tmp/ccclqKJZ.s:2702   .debug_str:0000000000000748 .LASF133
     /tmp/ccclqKJZ.s:2720   .debug_str:0000000000000795 .LASF134
     /tmp/ccclqKJZ.s:2494   .debug_str:0000000000000215 .LASF135
     /tmp/ccclqKJZ.s:2550   .debug_str:0000000000000361 .LASF136
GAS LISTING /tmp/ccclqKJZ.s 			page 6


     /tmp/ccclqKJZ.s:2532   .debug_str:00000000000002fd .LASF137
     /tmp/ccclqKJZ.s:2688   .debug_str:00000000000006e3 .LASF138
     /tmp/ccclqKJZ.s:2420   .debug_str:0000000000000055 .LASF139
     /tmp/ccclqKJZ.s:2696   .debug_str:00000000000006ff .LASF140
     /tmp/ccclqKJZ.s:2692   .debug_str:00000000000006ed .LASF141
     /tmp/ccclqKJZ.s:2632   .debug_str:000000000000056e .LASF142
     /tmp/ccclqKJZ.s:2694   .debug_str:00000000000006f5 .LASF143
     /tmp/ccclqKJZ.s:2578   .debug_str:0000000000000402 .LASF144
     /tmp/ccclqKJZ.s:2498   .debug_str:0000000000000229 .LASF145
     /tmp/ccclqKJZ.s:2808   .debug_str:000000000000096e .LASF146
     /tmp/ccclqKJZ.s:2644   .debug_str:00000000000005c0 .LASF147
     /tmp/ccclqKJZ.s:2554   .debug_str:000000000000037c .LASF148
     /tmp/ccclqKJZ.s:2508   .debug_str:0000000000000276 .LASF149
     /tmp/ccclqKJZ.s:2586   .debug_str:0000000000000422 .LASF150
     /tmp/ccclqKJZ.s:2424   .debug_str:000000000000006d .LASF151
     /tmp/ccclqKJZ.s:2782   .debug_str:00000000000008dc .LASF152
     /tmp/ccclqKJZ.s:2486   .debug_str:00000000000001f5 .LASF153
     /tmp/ccclqKJZ.s:2474   .debug_str:00000000000001b0 .LASF154
     /tmp/ccclqKJZ.s:2722   .debug_str:000000000000079c .LASF155
     /tmp/ccclqKJZ.s:2678   .debug_str:00000000000006b3 .LASF156
     /tmp/ccclqKJZ.s:2774   .debug_str:00000000000008b0 .LASF157
     /tmp/ccclqKJZ.s:2562   .debug_str:00000000000003ab .LASF158
     /tmp/ccclqKJZ.s:2660   .debug_str:0000000000000657 .LASF159
     /tmp/ccclqKJZ.s:2418   .debug_str:000000000000004d .LASF160
     /tmp/ccclqKJZ.s:2704   .debug_str:000000000000074f .LASF161
     /tmp/ccclqKJZ.s:2592   .debug_str:0000000000000439 .LASF162
     /tmp/ccclqKJZ.s:2752   .debug_str:000000000000083b .LASF163
     /tmp/ccclqKJZ.s:2764   .debug_str:000000000000087e .LASF164
     /tmp/ccclqKJZ.s:2464   .debug_str:000000000000017e .LASF165
     /tmp/ccclqKJZ.s:2570   .debug_str:00000000000003d6 .LASF166
     /tmp/ccclqKJZ.s:2796   .debug_str:0000000000000925 .LASF167
     /tmp/ccclqKJZ.s:2634   .debug_str:0000000000000579 .LASF168
     /tmp/ccclqKJZ.s:2564   .debug_str:00000000000003b2 .LASF169
     /tmp/ccclqKJZ.s:2800   .debug_str:0000000000000947 .LASF170
     /tmp/ccclqKJZ.s:2686   .debug_str:00000000000006d6 .LASF171
     /tmp/ccclqKJZ.s:2806   .debug_str:0000000000000960 .LASF172
     /tmp/ccclqKJZ.s:2452   .debug_str:000000000000013f .LASF173
     /tmp/ccclqKJZ.s:2780   .debug_str:00000000000008d2 .LASF174
     /tmp/ccclqKJZ.s:2568   .debug_str:00000000000003ca .LASF175
     /tmp/ccclqKJZ.s:2758   .debug_str:0000000000000855 .LASF176
     /tmp/ccclqKJZ.s:2518   .debug_str:00000000000002a9 .LASF177
     /tmp/ccclqKJZ.s:2444   .debug_str:00000000000000f8 .LASF178
     /tmp/ccclqKJZ.s:2538   .debug_str:0000000000000317 .LASF179
     /tmp/ccclqKJZ.s:2426   .debug_str:0000000000000076 .LASF180
     /tmp/ccclqKJZ.s:2428   .debug_str:0000000000000085 .LASF181
     /tmp/ccclqKJZ.s:2666   .debug_str:0000000000000675 .LASF182
     /tmp/ccclqKJZ.s:2618   .debug_str:00000000000004b2 .LASF183
     /tmp/ccclqKJZ.s:2606   .debug_str:0000000000000474 .LASF184
     /tmp/ccclqKJZ.s:2790   .debug_str:0000000000000909 .LASF185
     /tmp/ccclqKJZ.s:2440   .debug_str:00000000000000e2 .LASF203
     /tmp/ccclqKJZ.s:2530   .debug_str:00000000000002f1 .LASF187
     /tmp/ccclqKJZ.s:2760   .debug_str:0000000000000862 .LASF188
     /tmp/ccclqKJZ.s:2584   .debug_str:000000000000041a .LASF189
     /tmp/ccclqKJZ.s:2610   .debug_str:0000000000000490 .LASF190
     /tmp/ccclqKJZ.s:2614   .debug_str:000000000000049f .LASF191
     /tmp/ccclqKJZ.s:2594   .debug_str:000000000000043f .LASF192
     /tmp/ccclqKJZ.s:2802   .debug_str:000000000000094c .LASF193
GAS LISTING /tmp/ccclqKJZ.s 			page 7


     /tmp/ccclqKJZ.s:2598   .debug_str:0000000000000455 .LASF194
     /tmp/ccclqKJZ.s:2652   .debug_str:000000000000062d .LASF204
     /tmp/ccclqKJZ.s:53     .text._fini:0000000000000000 .LFB6
     /tmp/ccclqKJZ.s:59     .text._fini:0000000000000002 .LFE6
     /tmp/ccclqKJZ.s:2718   .debug_str:000000000000078f .LASF205
     /tmp/ccclqKJZ.s:14     .text._init:0000000000000000 .LFB5
     /tmp/ccclqKJZ.s:46     .text._init:000000000000002c .LFE5
     /tmp/ccclqKJZ.s:2363   .debug_loc:0000000000000000 .LLST0
     /tmp/ccclqKJZ.s:27     .text._init:000000000000000c .LVL0
     /tmp/ccclqKJZ.s:31     .text._init:0000000000000018 .LVL1
     /tmp/ccclqKJZ.s:34     .text._init:0000000000000020 .LVL2
     /tmp/ccclqKJZ.s:44     .text._init:000000000000002c .LVL3
     /tmp/ccclqKJZ.s:2654   .debug_str:0000000000000633 .LASF195
     /tmp/ccclqKJZ.s:2436   .debug_str:00000000000000c4 .LASF196
     /tmp/ccclqKJZ.s:2482   .debug_str:00000000000001d7 .LASF197
     /tmp/ccclqKJZ.s:2450   .debug_str:0000000000000127 .LASF198
     /tmp/ccclqKJZ.s:21     .text._init:0000000000000002 .LCFI0
     /tmp/ccclqKJZ.s:40     .text._init:0000000000000024 .LCFI1
     /tmp/ccclqKJZ.s:74     .debug_info:0000000000000000 .Ldebug_info0

UNDEFINED SYMBOLS
SystemInit
eclic_init
eclic_mode_enable
disable_mcycle_minstret
